build/outputs/logs/manifest-merger-debug-report.txt
-- Merging decision tree log ---
manifest
ADDED from src\main\AndroidManifest.xml:2:1-54:12
	package
		ADDED from src\main\AndroidManifest.xml:4:5-33
		INJECTED from src\main\AndroidManifest.xml
		INJECTED from src\main\AndroidManifest.xml
	android:versionName
		ADDED from src\main\AndroidManifest.xml:7:5-30
		INJECTED from src\main\AndroidManifest.xml
		INJECTED from src\main\AndroidManifest.xml
	xmlns:tools
		ADDED from src\main\AndroidManifest.xml:3:5-51
	android:versionCode
		ADDED from src\main\AndroidManifest.xml:6:5-28
		INJECTED from src\main\AndroidManifest.xml
		INJECTED from src\main\AndroidManifest.xml
	xmlns:android
		ADDED from src\main\AndroidManifest.xml:2:11-69
	android:installLocation
		ADDED from src\main\AndroidManifest.xml:5:5-35
uses-sdk
ADDED from src\main\AndroidManifest.xml:9:5-11:41
MERGED from [com.microblink:blinkocr:2.7.0] AndroidManifest.xml:7:5-9:41
MERGED from [com.android.support:appcompat-v7:24.0.0] AndroidManifest.xml:21:5-23:78
MERGED from [com.android.support:support-v4:24.0.0] AndroidManifest.xml:21:5-23:54
MERGED from [com.android.support:support-vector-drawable:24.0.0] AndroidManifest.xml:21:5-43
MERGED from [com.android.support:support-v4:24.0.0] AndroidManifest.xml:21:5-23:54
MERGED from [com.android.support:animated-vector-drawable:24.0.0] AndroidManifest.xml:20:5-44
MERGED from [com.android.support:support-vector-drawable:24.0.0] AndroidManifest.xml:21:5-43
MERGED from [com.android.support:support-v4:24.0.0] AndroidManifest.xml:21:5-23:54
	tools:overrideLibrary
		ADDED from [com.android.support:appcompat-v7:24.0.0] AndroidManifest.xml:23:9-75
	android:targetSdkVersion
		ADDED from src\main\AndroidManifest.xml:11:9-38
		INJECTED from src\main\AndroidManifest.xml
		INJECTED from src\main\AndroidManifest.xml
	android:minSdkVersion
		ADDED from src\main\AndroidManifest.xml:10:9-34
		INJECTED from src\main\AndroidManifest.xml
		INJECTED from src\main\AndroidManifest.xml
uses-permission#android.permission.CAMERA
ADDED from src\main\AndroidManifest.xml:13:5-65
MERGED from [com.microblink:blinkocr:2.7.0] AndroidManifest.xml:19:5-65
	android:name
		ADDED from src\main\AndroidManifest.xml:13:22-62
uses-permission#android.permission.FLASHLIGHT
ADDED from src\main\AndroidManifest.xml:14:5-69
MERGED from [com.microblink:blinkocr:2.7.0] AndroidManifest.xml:20:5-69
	android:name
		ADDED from src\main\AndroidManifest.xml:14:22-66
uses-permission#android.permission.WRITE_EXTERNAL_STORAGE
ADDED from src\main\AndroidManifest.xml:15:5-81
	android:name
		ADDED from src\main\AndroidManifest.xml:15:22-78
uses-feature#android.hardware.camera
ADDED from src\main\AndroidManifest.xml:17:5-60
MERGED from [com.microblink:blinkocr:2.7.0] AndroidManifest.xml:22:5-24:36
	android:name
		ADDED from src\main\AndroidManifest.xml:17:19-57
uses-feature#android.hardware.camera.autofocus
ADDED from src\main\AndroidManifest.xml:18:5-20:36
MERGED from [com.microblink:blinkocr:2.7.0] AndroidManifest.xml:25:5-27:36
	android:required
		ADDED from src\main\AndroidManifest.xml:20:9-33
	android:name
		ADDED from src\main\AndroidManifest.xml:19:9-57
uses-feature#android.hardware.camera.flash
ADDED from src\main\AndroidManifest.xml:21:5-23:36
MERGED from [com.microblink:blinkocr:2.7.0] AndroidManifest.xml:28:5-30:36
	android:required
		ADDED from src\main\AndroidManifest.xml:23:9-33
	android:name
		ADDED from src\main\AndroidManifest.xml:22:9-53
android:uses-permission#android.permission.READ_PHONE_STATE
ADDED from src\main\AndroidManifest.xml:25:5-83
	android:name
		ADDED from src\main\AndroidManifest.xml:25:30-80
android:uses-permission#android.permission.READ_EXTERNAL_STORAGE
ADDED from src\main\AndroidManifest.xml:26:5-28:38
	android:maxSdkVersion
		ADDED from src\main\AndroidManifest.xml:28:9-35
	android:name
		ADDED from src\main\AndroidManifest.xml:27:9-64
application
ADDED from src\main\AndroidManifest.xml:30:5-52:19
MERGED from [com.microblink:blinkocr:2.7.0] AndroidManifest.xml:36:5-45:19
MERGED from [com.android.support:appcompat-v7:24.0.0] AndroidManifest.xml:25:5-20
MERGED from [com.android.support:support-v4:24.0.0] AndroidManifest.xml:25:5-20
MERGED from [com.android.support:support-vector-drawable:24.0.0] AndroidManifest.xml:23:5-20
MERGED from [com.android.support:support-v4:24.0.0] AndroidManifest.xml:25:5-20
MERGED from [com.android.support:animated-vector-drawable:24.0.0] AndroidManifest.xml:22:5-20
MERGED from [com.android.support:support-vector-drawable:24.0.0] AndroidManifest.xml:23:5-20
MERGED from [com.android.support:support-v4:24.0.0] AndroidManifest.xml:25:5-20
	android:label
		ADDED from src\main\AndroidManifest.xml:33:9-41
	android:allowBackup
		ADDED from src\main\AndroidManifest.xml:31:9-35
	android:icon
		ADDED from src\main\AndroidManifest.xml:32:9-45
	android:largeHeap
		ADDED from src\main\AndroidManifest.xml:34:9-33
	android:theme
		ADDED from src\main\AndroidManifest.xml:35:9-57
activity#com.microblink.ocr.ScanActivity
ADDED from src\main\AndroidManifest.xml:36:9-40:20
	android:screenOrientation
		ADDED from src\main\AndroidManifest.xml:39:13-49
	android:label
		ADDED from src\main\AndroidManifest.xml:38:13-56
	android:name
		ADDED from src\main\AndroidManifest.xml:37:13-41
activity#com.microblink.help.HelpActivity
ADDED from src\main\AndroidManifest.xml:41:9-44:20
	android:screenOrientation
		ADDED from src\main\AndroidManifest.xml:43:13-49
	android:name
		ADDED from src\main\AndroidManifest.xml:42:13-60
activity#com.microblink.ocr.MainActivity
ADDED from src\main\AndroidManifest.xml:45:9-51:20
	android:name
		ADDED from src\main\AndroidManifest.xml:46:13-41
intent-filter#android.intent.action.MAIN+android.intent.category.LAUNCHER
ADDED from src\main\AndroidManifest.xml:47:13-50:29
action#android.intent.action.MAIN
ADDED from src\main\AndroidManifest.xml:48:17-69
	android:name
		ADDED from src\main\AndroidManifest.xml:48:25-66
category#android.intent.category.LAUNCHER
ADDED from src\main\AndroidManifest.xml:49:17-77
	android:name
		ADDED from src\main\AndroidManifest.xml:49:27-74
supports-screens
ADDED from [com.microblink:blinkocr:2.7.0] AndroidManifest.xml:11:5-17:40
	android:largeScreens
		ADDED from [com.microblink:blinkocr:2.7.0] AndroidManifest.xml:13:9-36
	android:smallScreens
		ADDED from [com.microblink:blinkocr:2.7.0] AndroidManifest.xml:16:9-36
	android:normalScreens
		ADDED from [com.microblink:blinkocr:2.7.0] AndroidManifest.xml:14:9-37
	android:xlargeScreens
		ADDED from [com.microblink:blinkocr:2.7.0] AndroidManifest.xml:17:9-37
	android:resizeable
		ADDED from [com.microblink:blinkocr:2.7.0] AndroidManifest.xml:15:9-34
	android:anyDensity
		ADDED from [com.microblink:blinkocr:2.7.0] AndroidManifest.xml:12:9-34
uses-feature#0x00020000
ADDED from [com.microblink:blinkocr:2.7.0] AndroidManifest.xml:31:5-34:20
	android:glEsVersion
		ADDED from [com.microblink:blinkocr:2.7.0] AndroidManifest.xml:32:9-41
	android:required
		ADDED from [com.microblink:blinkocr:2.7.0] AndroidManifest.xml:33:9-33
activity#com.microblink.activity.SegmentScanActivity
ADDED from [com.microblink:blinkocr:2.7.0] AndroidManifest.xml:37:9-40:52
	android:screenOrientation
		ADDED from [com.microblink:blinkocr:2.7.0] AndroidManifest.xml:40:13-49
	android:configChanges
		ADDED from [com.microblink:blinkocr:2.7.0] AndroidManifest.xml:39:13-59
	android:name
		ADDED from [com.microblink:blinkocr:2.7.0] AndroidManifest.xml:38:13-71
activity#com.microblink.activity.RandomScanActivity
ADDED from [com.microblink:blinkocr:2.7.0] AndroidManifest.xml:41:9-44:52
	android:screenOrientation
		ADDED from [com.microblink:blinkocr:2.7.0] AndroidManifest.xml:44:13-49
	android:configChanges
		ADDED from [com.microblink:blinkocr:2.7.0] AndroidManifest.xml:43:13-59
	android:name
		ADDED from [com.microblink:blinkocr:2.7.0] AndroidManifest.xml:42:13-70